<?xml version="1.0" encoding="UTF-8"?>
<!-- Generated by org.testng.reporters.JUnitXMLReporter -->
<testsuite ignored="0" hostname="LAPTOP-DQ4GVF7S" failures="1" tests="1" name="Default test" time="0.357" errors="0" timestamp="2026-03-26T21:47:02 IST">
  <testcase classname="io.cucumber.testng.AbstractTestNGCucumberTests" name="runScenario" time="0.106">
    <failure type="io.cucumber.testng.UndefinedStepException" message="The step &amp;apos;I have numbers 12 and 13&amp;apos; and 2 other step(s) are undefined.
You can implement these steps using the snippet(s) below:

@Given(&amp;quot;I have numbers {int} and {int}&amp;quot;)
public void i_have_numbers_and(Integer int1, Integer int2) {
    // Write code here that turns the phrase above into concrete actions
    throw new io.cucumber.java.PendingException();
}
@When(&amp;quot;I add them&amp;quot;)
public void i_add_them() {
    // Write code here that turns the phrase above into concrete actions
    throw new io.cucumber.java.PendingException();
}
@Then(&amp;quot;I display result&amp;quot;)
public void i_display_result() {
    // Write code here that turns the phrase above into concrete actions
    throw new io.cucumber.java.PendingException();
}
">
      <![CDATA[io.cucumber.testng.UndefinedStepException: The step 'I have numbers 12 and 13' and 2 other step(s) are undefined.
You can implement these steps using the snippet(s) below:

@Given("I have numbers {int} and {int}")
public void i_have_numbers_and(Integer int1, Integer int2) {
    // Write code here that turns the phrase above into concrete actions
    throw new io.cucumber.java.PendingException();
}
@When("I add them")
public void i_add_them() {
    // Write code here that turns the phrase above into concrete actions
    throw new io.cucumber.java.PendingException();
}
@Then("I display result")
public void i_display_result() {
    // Write code here that turns the phrase above into concrete actions
    throw new io.cucumber.java.PendingException();
}

at ✽.I have numbers 12 and 13(file:///C:/Users/Rahul/eclipse-workspace/orangeHrm/src/test/resources/Parameterization.feature:5)
]]>
    </failure>
  </testcase> <!-- runScenario -->
</testsuite> <!-- Default test -->
