<?xml version="1.0" encoding="UTF-8"?>
<testng-results ignored="0" total="1" passed="0" failed="1" skipped="0">
  <reporter-output>
  </reporter-output>
  <suite started-at="2026-03-26T21:47:02 IST" name="Default suite" finished-at="2026-03-26T21:47:02 IST" duration-ms="357">
    <groups>
      <group name="cucumber">
        <method signature="AbstractTestNGCucumberTests.runScenario(io.cucumber.testng.PickleWrapper,io.cucumber.testng.FeatureWrapper)[pri:0, instance:com.skillio.runner.Runner@7e9131d5]" name="runScenario" class="io.cucumber.testng.AbstractTestNGCucumberTests"/>
      </group> <!-- cucumber -->
    </groups>
    <test started-at="2026-03-26T21:47:02 IST" name="Default test" finished-at="2026-03-26T21:47:02 IST" duration-ms="357">
      <class name="com.skillio.runner.Runner">
        <test-method is-config="true" signature="setUpClass(org.testng.ITestContext)[pri:0, instance:com.skillio.runner.Runner@7e9131d5]" started-at="2026-03-26T21:47:02 IST" name="setUpClass" finished-at="2026-03-26T21:47:02 IST" duration-ms="205" status="PASS">
          <params>
            <param index="0">
              <value>
                <![CDATA[org.testng.TestRunner@3016fd5e]]>
              </value>
            </param>
          </params>
          <reporter-output>
          </reporter-output>
        </test-method> <!-- setUpClass -->
        <test-method signature="runScenario(io.cucumber.testng.PickleWrapper,io.cucumber.testng.FeatureWrapper)[pri:0, instance:com.skillio.runner.Runner@7e9131d5]" started-at="2026-03-26T21:47:02 IST" name="runScenario" description="Runs Cucumber Scenarios" data-provider="scenarios" finished-at="2026-03-26T21:47:02 IST" duration-ms="106" status="FAIL">
          <params>
            <param index="0">
              <value>
                <![CDATA[""]]>
              </value>
            </param>
            <param index="1">
              <value>
                <![CDATA["Understanding parameterization in cucumber"]]>
              </value>
            </param>
          </params>
          <exception class="io.cucumber.testng.UndefinedStepException">
            <message>
              <![CDATA[The step 'I have numbers 12 and 13' and 2 other step(s) are undefined.
You can implement these steps using the snippet(s) below:

@Given("I have numbers {int} and {int}")
public void i_have_numbers_and(Integer int1, Integer int2) {
    // Write code here that turns the phrase above into concrete actions
    throw new io.cucumber.java.PendingException();
}
@When("I add them")
public void i_add_them() {
    // Write code here that turns the phrase above into concrete actions
    throw new io.cucumber.java.PendingException();
}
@Then("I display result")
public void i_display_result() {
    // Write code here that turns the phrase above into concrete actions
    throw new io.cucumber.java.PendingException();
}
]]>
            </message>
            <full-stacktrace>
              <![CDATA[io.cucumber.testng.UndefinedStepException: The step 'I have numbers 12 and 13' and 2 other step(s) are undefined.
You can implement these steps using the snippet(s) below:

@Given("I have numbers {int} and {int}")
public void i_have_numbers_and(Integer int1, Integer int2) {
    // Write code here that turns the phrase above into concrete actions
    throw new io.cucumber.java.PendingException();
}
@When("I add them")
public void i_add_them() {
    // Write code here that turns the phrase above into concrete actions
    throw new io.cucumber.java.PendingException();
}
@Then("I display result")
public void i_display_result() {
    // Write code here that turns the phrase above into concrete actions
    throw new io.cucumber.java.PendingException();
}

at ✽.I have numbers 12 and 13(file:///C:/Users/Rahul/eclipse-workspace/orangeHrm/src/test/resources/Parameterization.feature:5)
]]>
            </full-stacktrace>
          </exception> <!-- io.cucumber.testng.UndefinedStepException -->
          <reporter-output>
          </reporter-output>
        </test-method> <!-- runScenario -->
        <test-method is-config="true" signature="tearDownClass()[pri:0, instance:com.skillio.runner.Runner@7e9131d5]" started-at="2026-03-26T21:47:02 IST" name="tearDownClass" finished-at="2026-03-26T21:47:02 IST" duration-ms="2" status="PASS">
          <reporter-output>
          </reporter-output>
        </test-method> <!-- tearDownClass -->
      </class> <!-- com.skillio.runner.Runner -->
    </test> <!-- Default test -->
  </suite> <!-- Default suite -->
</testng-results>
