<?xml version="1.0" encoding="UTF-8"?>
<!-- Generated by org.testng.reporters.JUnitReportReporter -->
<testsuite hostname="LAPTOP-DQ4GVF7S" failures="0" tests="1" name="com.skillio.runner.Runner" time="0.106" errors="1" timestamp="2026-03-26T21:47:02 IST" skipped="0">
  <testcase classname="com.skillio.runner.Runner" name="runScenario" time="0.106">
    <error message="The step &#039;I have numbers 12 and 13&#039; and 2 other step(s) are undefined.
You can implement these steps using the snippet(s) below:

@Given(&quot;I have numbers {int} and {int}&quot;)
public void i_have_numbers_and(Integer int1, Integer int2) {
    // Write code here that turns the phrase above into concrete actions
    throw new io.cucumber.java.PendingException();
}
@When(&quot;I add them&quot;)
public void i_add_them() {
    // Write code here that turns the phrase above into concrete actions
    throw new io.cucumber.java.PendingException();
}
@Then(&quot;I display result&quot;)
public void i_display_result() {
    // Write code here that turns the phrase above into concrete actions
    throw new io.cucumber.java.PendingException();
}
" type="io.cucumber.testng.UndefinedStepException">
      <![CDATA[io.cucumber.testng.UndefinedStepException: The step 'I have numbers 12 and 13' and 2 other step(s) are undefined.
You can implement these steps using the snippet(s) below:

@Given("I have numbers {int} and {int}")
public void i_have_numbers_and(Integer int1, Integer int2) {
    // Write code here that turns the phrase above into concrete actions
    throw new io.cucumber.java.PendingException();
}
@When("I add them")
public void i_add_them() {
    // Write code here that turns the phrase above into concrete actions
    throw new io.cucumber.java.PendingException();
}
@Then("I display result")
public void i_display_result() {
    // Write code here that turns the phrase above into concrete actions
    throw new io.cucumber.java.PendingException();
}

at ✽.I have numbers 12 and 13(file:///C:/Users/Rahul/eclipse-workspace/orangeHrm/src/test/resources/Parameterization.feature:5)
]]>
    </error>
  </testcase> <!-- runScenario -->
</testsuite> <!-- com.skillio.runner.Runner -->
